<?xml version="1.0" encoding="UTF-8"?>
<testng-results ignored="0" total="2" passed="2" failed="0" skipped="0">
  <reporter-output>
  </reporter-output>
  <suite started-at="2022-09-02T17:15:01 IST" name="Default suite" finished-at="2022-09-02T17:17:18 IST" duration-ms="136641">
    <groups>
      <group name="cucumber">
        <method signature="AbstractTestNGCucumberTests.runScenario(io.cucumber.testng.PickleWrapper,io.cucumber.testng.FeatureWrapper)[pri:0, instance:com.aurionpro.runner.RunnerTest@74d1dc36]" name="runScenario" class="io.cucumber.testng.AbstractTestNGCucumberTests"/>
      </group> <!-- cucumber -->
    </groups>
    <test started-at="2022-09-02T17:15:01 IST" name="Default test" finished-at="2022-09-02T17:17:18 IST" duration-ms="136641">
      <class name="com.aurionpro.runner.RunnerTest">
        <test-method is-config="true" signature="setUpClass(org.testng.ITestContext)[pri:0, instance:com.aurionpro.runner.RunnerTest@74d1dc36]" started-at="2022-09-02T17:15:01 IST" name="setUpClass" finished-at="2022-09-02T17:15:01 IST" duration-ms="537" status="PASS">
          <params>
            <param index="0">
              <value>
                <![CDATA[org.testng.TestRunner@27358a19]]>
              </value>
            </param>
          </params>
          <reporter-output>
          </reporter-output>
        </test-method> <!-- setUpClass -->
        <test-method signature="runScenario(io.cucumber.testng.PickleWrapper,io.cucumber.testng.FeatureWrapper)[pri:0, instance:com.aurionpro.runner.RunnerTest@74d1dc36]" started-at="2022-09-02T17:15:01 IST" name="runScenario" description="Runs Cucumber Scenarios" data-provider="scenarios" finished-at="2022-09-02T17:16:11 IST" duration-ms="69297" status="PASS">
          <params>
            <param index="0">
              <value>
                <![CDATA["Add Patient"]]>
              </value>
            </param>
            <param index="1">
              <value>
                <![CDATA["Unknown"]]>
              </value>
            </param>
          </params>
          <reporter-output>
          </reporter-output>
        </test-method> <!-- runScenario -->
        <test-method signature="runScenario(io.cucumber.testng.PickleWrapper,io.cucumber.testng.FeatureWrapper)[pri:0, instance:com.aurionpro.runner.RunnerTest@74d1dc36]" started-at="2022-09-02T17:16:11 IST" name="runScenario" description="Runs Cucumber Scenarios" data-provider="scenarios" finished-at="2022-09-02T17:17:16 IST" duration-ms="64969" status="PASS">
          <params>
            <param index="0">
              <value>
                <![CDATA["Add Patient"]]>
              </value>
            </param>
            <param index="1">
              <value>
                <![CDATA["Unknown"]]>
              </value>
            </param>
          </params>
          <reporter-output>
          </reporter-output>
        </test-method> <!-- runScenario -->
        <test-method is-config="true" signature="tearDownClass()[pri:0, instance:com.aurionpro.runner.RunnerTest@74d1dc36]" started-at="2022-09-02T17:17:16 IST" name="tearDownClass" finished-at="2022-09-02T17:17:18 IST" duration-ms="1797" status="PASS">
          <reporter-output>
          </reporter-output>
        </test-method> <!-- tearDownClass -->
      </class> <!-- com.aurionpro.runner.RunnerTest -->
    </test> <!-- Default test -->
  </suite> <!-- Default suite -->
</testng-results>
